<?xml version="1.0" encoding="UTF-8"?>
<!-- Generated by org.testng.reporters.JUnitReportReporter -->
<testsuite skipped="0" hostname="DESKTOP-N22QR8J" name="PragatiTraining.StringJobProject.StringConcat" tests="1" failures="0" timestamp="2021-05-19T09:39:40 IST" time="0.014" errors="0">
  <testcase name="TestConcatinationWithTwoString" time="0.014" classname="PragatiTraining.StringJobProject.StringConcat"/>
  <system-out/>
</testsuite> <!-- PragatiTraining.StringJobProject.StringConcat -->
