<?xml version="1.0" encoding="UTF-8"?>
<!-- Generated by org.testng.reporters.JUnitReportReporter -->
<testsuite hostname="DESKTOP-N22QR8J" failures="0" tests="4" name="PragatiTraining.CalculatorCICD.AdditionTestCases" time="0.027" errors="0" timestamp="2021-05-19T10:47:40 IST" skipped="0">
  <testcase classname="PragatiTraining.CalculatorCICD.AdditionTestCases" name="TestAdditionWithNegativeNumbers" time="0.013"/>
  <system-out/>
  <testcase classname="PragatiTraining.CalculatorCICD.AdditionTestCases" name="TestAdditionWithPositiveNumbers" time="0.006"/>
  <system-out/>
  <testcase classname="PragatiTraining.CalculatorCICD.AdditionTestCases" name="TestAdditionWithPositiveOneNegative" time="0.005"/>
  <system-out/>
  <testcase classname="PragatiTraining.CalculatorCICD.AdditionTestCases" name="TestAdditionWithZeroNumbers" time="0.003"/>
  <system-out/>
</testsuite> <!-- PragatiTraining.CalculatorCICD.AdditionTestCases -->
