<?xml version="1.0" encoding="UTF-8"?>
<!-- Generated by org.testng.reporters.JUnitReportReporter -->
<testsuite hostname="DESKTOP-N22QR8J" failures="0" tests="1" name="PragatiTraining.StringProject.StringConcat" time="0.013" errors="0" timestamp="2021-05-18T09:54:31 IST" skipped="0">
  <testcase classname="PragatiTraining.StringProject.StringConcat" name="TestConcatinationWithTwoString" time="0.013"/>
  <system-out/>
</testsuite> <!-- PragatiTraining.StringProject.StringConcat -->
